<?xml version="1.0" encoding="UTF-8"?>
<testsuites>
  <testsuite name="/app/tests/Station14" tests="8" assertions="8" errors="0" warnings="0" failures="0" skipped="0" time="0.140025">
    <testsuite name="Tests\Station14\Question\CarTest" file="/app/tests/Station14/Question/CarTest.php" tests="7" assertions="7" errors="0" warnings="0" failures="0" skipped="0" time="0.131661">
      <testcase name="初期値5の定数DOORを持つ" class="Tests\Station14\Question\CarTest" classname="Tests.Station14.Question.CarTest" file="/app/tests/Station14/Question/CarTest.php" line="27" assertions="1" time="0.119276"/>
      <testcase name="初期値0のstaticなpassengerプロパティを持つ" class="Tests\Station14\Question\CarTest" classname="Tests.Station14.Question.CarTest" file="/app/tests/Station14/Question/CarTest.php" line="37" assertions="1" time="0.000050"/>
      <testcase name="getPassenger_passengerの数を表示する" class="Tests\Station14\Question\CarTest" classname="Tests.Station14.Question.CarTest" file="/app/tests/Station14/Question/CarTest.php" line="47" assertions="1" time="0.012090"/>
      <testsuite name="Tests\Station14\Question\CarTest::pickup_passengerに1加算した値を表示する" tests="3" assertions="3" errors="0" warnings="0" failures="0" skipped="0" time="0.000160">
        <testcase name="pickup_passengerに1加算した値を表示する with data set &quot;初回実行&quot;" class="Tests\Station14\Question\CarTest" classname="Tests.Station14.Question.CarTest" file="/app/tests/Station14/Question/CarTest.php" line="60" assertions="1" time="0.000080"/>
        <testcase name="pickup_passengerに1加算した値を表示する with data set &quot;2回目の実行&quot;" class="Tests\Station14\Question\CarTest" classname="Tests.Station14.Question.CarTest" file="/app/tests/Station14/Question/CarTest.php" line="60" assertions="1" time="0.000052"/>
        <testcase name="pickup_passengerに1加算した値を表示する with data set &quot;3回目の実行&quot;" class="Tests\Station14\Question\CarTest" classname="Tests.Station14.Question.CarTest" file="/app/tests/Station14/Question/CarTest.php" line="60" assertions="1" time="0.000029"/>
      </testsuite>
      <testcase name="getDoors_DOORの値を表示する" class="Tests\Station14\Question\CarTest" classname="Tests.Station14.Question.CarTest" file="/app/tests/Station14/Question/CarTest.php" line="78" assertions="1" time="0.000084"/>
    </testsuite>
    <testsuite name="Tests\Station14\Question\QuestionTest" file="/app/tests/Station14/Question/QuestionTest.php" tests="1" assertions="1" errors="0" warnings="0" failures="0" skipped="0" time="0.008363">
      <testcase name="turnRight_backLeftを実行する" class="Tests\Station14\Question\QuestionTest" classname="Tests.Station14.Question.QuestionTest" file="/app/tests/Station14/Question/QuestionTest.php" line="18" assertions="1" time="0.008363"/>
    </testsuite>
  </testsuite>
</testsuites>
