<?xml version="1.0" encoding="UTF-8"?>
<testsuites>
  <testsuite name="/app/tests/Station03" tests="8" assertions="8" errors="0" warnings="0" failures="0" skipped="0" time="0.256647">
    <testsuite name="Tests\Station03\QuestionTest" file="/app/tests/Station03/QuestionTest.php" tests="8" assertions="8" errors="0" warnings="0" failures="0" skipped="0" time="0.256647">
      <testsuite name="Tests\Station03\QuestionTest::引数に応じた文字列を返す" tests="8" assertions="8" errors="0" warnings="0" failures="0" skipped="0" time="0.256647">
        <testcase name="引数に応じた文字列を返す with data set #0" class="Tests\Station03\QuestionTest" classname="Tests.Station03.QuestionTest" file="/app/tests/Station03/QuestionTest.php" line="24" assertions="1" time="0.256076"/>
        <testcase name="引数に応じた文字列を返す with data set #1" class="Tests\Station03\QuestionTest" classname="Tests.Station03.QuestionTest" file="/app/tests/Station03/QuestionTest.php" line="24" assertions="1" time="0.000081"/>
        <testcase name="引数に応じた文字列を返す with data set #2" class="Tests\Station03\QuestionTest" classname="Tests.Station03.QuestionTest" file="/app/tests/Station03/QuestionTest.php" line="24" assertions="1" time="0.000218"/>
        <testcase name="引数に応じた文字列を返す with data set #3" class="Tests\Station03\QuestionTest" classname="Tests.Station03.QuestionTest" file="/app/tests/Station03/QuestionTest.php" line="24" assertions="1" time="0.000083"/>
        <testcase name="引数に応じた文字列を返す with data set #4" class="Tests\Station03\QuestionTest" classname="Tests.Station03.QuestionTest" file="/app/tests/Station03/QuestionTest.php" line="24" assertions="1" time="0.000056"/>
        <testcase name="引数に応じた文字列を返す with data set #5" class="Tests\Station03\QuestionTest" classname="Tests.Station03.QuestionTest" file="/app/tests/Station03/QuestionTest.php" line="24" assertions="1" time="0.000044"/>
        <testcase name="引数に応じた文字列を返す with data set #6" class="Tests\Station03\QuestionTest" classname="Tests.Station03.QuestionTest" file="/app/tests/Station03/QuestionTest.php" line="24" assertions="1" time="0.000042"/>
        <testcase name="引数に応じた文字列を返す with data set #7" class="Tests\Station03\QuestionTest" classname="Tests.Station03.QuestionTest" file="/app/tests/Station03/QuestionTest.php" line="24" assertions="1" time="0.000048"/>
      </testsuite>
    </testsuite>
  </testsuite>
</testsuites>
